/usr/lib/python3/dist-packages/scipy/__init__.py:146: UserWarning: A NumPy version >=1.17.3 and <1.25.0 is required for this version of SciPy (detected version 2.2.6
  warnings.warn(f"A NumPy version >={np_minversion} and <{np_maxversion}"

A module that was compiled using NumPy 1.x cannot be run in
NumPy 2.2.6 as it may crash. To support both 1.x and 2.x
versions of NumPy, modules must be compiled with NumPy 2.0.
Some module may need to rebuild instead e.g. with 'pybind11>=2.12'.

If you are a user of the module, the easiest solution will be to
downgrade to 'numpy<2' or try to upgrade the affected module.
We expect that some modules will need time to support NumPy 2.

Traceback (most recent call last):  File "/u501/hoyarhos/clean_bt_rank/scripts/run_arena_robustness_actions_needed.py", line 28, in <module>
    from clean_bt_rank import (
  File "/u501/hoyarhos/clean_bt_rank/src/clean_bt_rank/__init__.py", line 13, in <module>
    from .bt_model import BradleyTerryModel
  File "/u501/hoyarhos/clean_bt_rank/src/clean_bt_rank/bt_model.py", line 7, in <module>
    from sklearn.linear_model import LogisticRegression
  File "/u501/hoyarhos/.local/lib/python3.10/site-packages/sklearn/__init__.py", line 73, in <module>
    from .base import clone  # noqa: E402
  File "/u501/hoyarhos/.local/lib/python3.10/site-packages/sklearn/base.py", line 19, in <module>
    from .utils._metadata_requests import _MetadataRequester, _routing_enabled
  File "/u501/hoyarhos/.local/lib/python3.10/site-packages/sklearn/utils/__init__.py", line 9, in <module>
    from ._chunking import gen_batches, gen_even_slices
  File "/u501/hoyarhos/.local/lib/python3.10/site-packages/sklearn/utils/_chunking.py", line 11, in <module>
    from ._param_validation import Interval, validate_params
  File "/u501/hoyarhos/.local/lib/python3.10/site-packages/sklearn/utils/_param_validation.py", line 14, in <module>
    from scipy.sparse import csr_matrix, issparse
  File "/usr/lib/python3/dist-packages/scipy/sparse/__init__.py", line 267, in <module>
    from ._csr import *
  File "/usr/lib/python3/dist-packages/scipy/sparse/_csr.py", line 10, in <module>
    from ._sparsetools import (csr_tocsc, csr_tobsr, csr_count_blocks,
AttributeError: _ARRAY_API not found
Traceback (most recent call last):
  File "/u501/hoyarhos/clean_bt_rank/scripts/run_arena_robustness_actions_needed.py", line 28, in <module>
    from clean_bt_rank import (
  File "/u501/hoyarhos/clean_bt_rank/src/clean_bt_rank/__init__.py", line 13, in <module>
    from .bt_model import BradleyTerryModel
  File "/u501/hoyarhos/clean_bt_rank/src/clean_bt_rank/bt_model.py", line 7, in <module>
    from sklearn.linear_model import LogisticRegression
  File "/u501/hoyarhos/.local/lib/python3.10/site-packages/sklearn/__init__.py", line 73, in <module>
    from .base import clone  # noqa: E402
  File "/u501/hoyarhos/.local/lib/python3.10/site-packages/sklearn/base.py", line 19, in <module>
    from .utils._metadata_requests import _MetadataRequester, _routing_enabled
  File "/u501/hoyarhos/.local/lib/python3.10/site-packages/sklearn/utils/__init__.py", line 9, in <module>
    from ._chunking import gen_batches, gen_even_slices
  File "/u501/hoyarhos/.local/lib/python3.10/site-packages/sklearn/utils/_chunking.py", line 11, in <module>
    from ._param_validation import Interval, validate_params
  File "/u501/hoyarhos/.local/lib/python3.10/site-packages/sklearn/utils/_param_validation.py", line 14, in <module>
    from scipy.sparse import csr_matrix, issparse
  File "/usr/lib/python3/dist-packages/scipy/sparse/__init__.py", line 267, in <module>
    from ._csr import *
  File "/usr/lib/python3/dist-packages/scipy/sparse/_csr.py", line 10, in <module>
    from ._sparsetools import (csr_tocsc, csr_tobsr, csr_count_blocks,
ImportError: numpy.core.multiarray failed to import
