Running arena55k ...
{'dataset_key': 'arena55k', 'variant': 'drop', 'action': 'drop', 'candidate_mode': None, 'max_actions': 575}
{'dataset_key': 'arena55k', 'variant': 'flip', 'action': 'flip', 'candidate_mode': None, 'max_actions': 575}
{'dataset_key': 'arena55k', 'variant': 'add_pairs', 'action': 'add', 'candidate_mode': 'all_pairs', 'max_actions': 575}
{'dataset_key': 'arena55k', 'variant': 'add_outcomes', 'action': 'add', 'candidate_mode': 'all_outcomes', 'max_actions': 575}
{'dataset_key': 'arena55k', 'variant': 'add_weighted', 'action': 'add', 'candidate_mode': 'weighted', 'max_actions': 575}
Traceback (most recent call last):
  File "/u501/hoyarhos/clean_bt_rank/scripts/run_arena_robustness_actions_needed.py", line 518, in <module>
    main()
  File "/u501/hoyarhos/clean_bt_rank/scripts/run_arena_robustness_actions_needed.py", line 435, in main
    summary_df, meta, baseline_df, selected_matches_df = run_dataset(
  File "/u501/hoyarhos/clean_bt_rank/scripts/run_arena_robustness_actions_needed.py", line 407, in run_dataset
    pdf_path = plot_actions_needed(summary_df, built["dataset_name"], built["dataset_key"], max_actions=max_actions, output_dir=output_dir)
  File "/u501/hoyarhos/clean_bt_rank/scripts/run_arena_robustness_actions_needed.py", line 383, in plot_actions_needed
    fig.savefig(pdf_path, bbox_inches="tight", pad_inches=0.02)
  File "/u501/hoyarhos/venvs/cleanbt/lib/python3.10/site-packages/matplotlib/figure.py", line 3497, in savefig
    self.canvas.print_figure(fname, **kwargs)
  File "/u501/hoyarhos/venvs/cleanbt/lib/python3.10/site-packages/matplotlib/backend_bases.py", line 2186, in print_figure
    result = print_method(
  File "/u501/hoyarhos/venvs/cleanbt/lib/python3.10/site-packages/matplotlib/backend_bases.py", line 2042, in <lambda>
    print_method = functools.wraps(meth)(lambda *args, **kwargs: meth(
  File "/u501/hoyarhos/venvs/cleanbt/lib/python3.10/site-packages/matplotlib/backends/backend_pdf.py", line 2779, in print_pdf
    file = PdfFile(filename, metadata=metadata)
  File "/u501/hoyarhos/venvs/cleanbt/lib/python3.10/site-packages/matplotlib/backends/backend_pdf.py", line 687, in __init__
    fh, opened = cbook.to_filehandle(filename, "wb", return_opened=True)
  File "/u501/hoyarhos/venvs/cleanbt/lib/python3.10/site-packages/matplotlib/cbook.py", line 546, in to_filehandle
    fh = open(fname, flag, encoding=encoding)
FileNotFoundError: [Errno 2] No such file or directory: '/u501/hoyarhos/clean_bt_rank/notebooks/artifacts/top1_robustness_action_needed_arena_legacy_20260424/arena55k_top1_actions_needed.pdf'
